TN:
SF:lib/src/app.dart
FNF:0
FNH:0
DA:13,1
DA:15,1
DA:17,1
DA:18,1
DA:19,1
DA:20,1
DA:22,2
DA:24,0
DA:25,0
DA:26,0
DA:28,0
DA:39,0
DA:40,0
DA:41,0
DA:42,0
DA:43,0
DA:44,0
DA:45,0
DA:47,0
LF:19
LH:7
end_of_record
TN:
SF:lib/src/providers/auth_provider.dart
FNF:0
FNH:0
DA:10,0
DA:12,1
DA:14,0
DA:15,0
DA:16,0
DA:19,0
DA:20,0
DA:21,0
DA:22,0
LF:9
LH:1
end_of_record
TN:
SF:lib/src/services/api/auth/firebase.dart
FNF:0
FNH:0
DA:10,0
DA:11,0
DA:12,0
DA:13,0
DA:14,0
DA:18,0
DA:20,0
DA:22,0
DA:24,0
DA:25,0
DA:26,0
DA:30,0
DA:31,0
DA:34,0
DA:38,0
DA:39,0
DA:41,0
LF:17
LH:0
end_of_record
TN:
SF:lib/src/ui/screens/home_screen.dart
FNF:0
FNH:0
DA:7,1
DA:20,0
DA:21,0
DA:27,0
DA:28,0
DA:34,0
DA:38,0
DA:41,0
DA:49,0
DA:50,0
DA:51,0
DA:52,0
DA:54,0
DA:55,0
DA:57,0
DA:58,0
DA:65,0
DA:68,0
DA:70,0
DA:73,0
DA:88,0
DA:92,0
DA:93,0
DA:94,0
DA:99,0
DA:100,0
LF:26
LH:1
end_of_record
TN:
SF:lib/src/ui/screens/login_screen.dart
FNF:0
FNH:0
DA:7,1
DA:9,0
DA:13,0
DA:16,0
DA:18,0
DA:19,0
DA:22,0
DA:23,0
DA:24,0
DA:26,0
DA:29,0
DA:30,0
DA:33,0
DA:34,0
DA:35,0
LF:15
LH:1
end_of_record
TN:
SF:lib/src/ui/screens/splash_screen.dart
FNF:0
FNH:0
DA:5,1
DA:7,1
DA:9,3
DA:10,3
DA:12,1
DA:13,1
DA:14,1
DA:16,1
DA:17,1
DA:19,1
DA:20,1
DA:23,1
DA:24,1
LF:13
LH:13
end_of_record
